Analysis & Synthesis report for main
Wed Oct 24 02:58:17 2018
Quartus Prime Version 18.0.0 Build 614 04/24/2018 SJ Lite Edition


---------------------
; Table of Contents ;
---------------------
  1. Legal Notice
  2. Analysis & Synthesis Summary
  3. Analysis & Synthesis Settings
  4. Parallel Compilation
  5. Analysis & Synthesis Source Files Read
  6. Analysis & Synthesis Resource Usage Summary
  7. Analysis & Synthesis Resource Utilization by Entity
  8. Registers Removed During Synthesis
  9. General Register Statistics
 10. Port Connectivity Checks: "LSLeft:s0|shift:s0"
 11. Port Connectivity Checks: "LSLeft:s0"
 12. Post-Synthesis Netlist Statistics for Top Partition
 13. Elapsed Time Per Partition
 14. Analysis & Synthesis Messages



----------------
; Legal Notice ;
----------------
Copyright (C) 2018  Intel Corporation. All rights reserved.
Your use of Intel Corporation's design tools, logic functions 
and other software and tools, and its AMPP partner logic 
functions, and any output files from any of the foregoing 
(including device programming or simulation files), and any 
associated documentation or information are expressly subject 
to the terms and conditions of the Intel Program License 
Subscription Agreement, the Intel Quartus Prime License Agreement,
the Intel FPGA IP License Agreement, or other applicable license
agreement, including, without limitation, that your use is for
the sole purpose of programming logic devices manufactured by
Intel and sold by Intel or its authorized distributors.  Please
refer to the applicable agreement for further details.



+-------------------------------------------------------------------------------+
; Analysis & Synthesis Summary                                                  ;
+---------------------------------+---------------------------------------------+
; Analysis & Synthesis Status     ; Successful - Wed Oct 24 02:58:17 2018       ;
; Quartus Prime Version           ; 18.0.0 Build 614 04/24/2018 SJ Lite Edition ;
; Revision Name                   ; main                                        ;
; Top-level Entity Name           ; main                                        ;
; Family                          ; Cyclone V                                   ;
; Logic utilization (in ALMs)     ; N/A                                         ;
; Total registers                 ; 49                                          ;
; Total pins                      ; 7                                           ;
; Total virtual pins              ; 0                                           ;
; Total block memory bits         ; 0                                           ;
; Total DSP Blocks                ; 0                                           ;
; Total HSSI RX PCSs              ; 0                                           ;
; Total HSSI PMA RX Deserializers ; 0                                           ;
; Total HSSI TX PCSs              ; 0                                           ;
; Total HSSI PMA TX Serializers   ; 0                                           ;
; Total PLLs                      ; 0                                           ;
; Total DLLs                      ; 0                                           ;
+---------------------------------+---------------------------------------------+


+---------------------------------------------------------------------------------------------------------------------------+
; Analysis & Synthesis Settings                                                                                             ;
+---------------------------------------------------------------------------------+--------------------+--------------------+
; Option                                                                          ; Setting            ; Default Value      ;
+---------------------------------------------------------------------------------+--------------------+--------------------+
; Device                                                                          ; 5CSEMA5F31C6       ;                    ;
; Top-level entity name                                                           ; main               ; main               ;
; Family name                                                                     ; Cyclone V          ; Cyclone V          ;
; Use smart compilation                                                           ; Off                ; Off                ;
; Enable parallel Assembler and Timing Analyzer during compilation                ; On                 ; On                 ;
; Enable compact report table                                                     ; Off                ; Off                ;
; Restructure Multiplexers                                                        ; Auto               ; Auto               ;
; MLAB Add Timing Constraints For Mixed-Port Feed-Through Mode Setting Don't Care ; Off                ; Off                ;
; Create Debugging Nodes for IP Cores                                             ; Off                ; Off                ;
; Preserve fewer node names                                                       ; On                 ; On                 ;
; Intel FPGA IP Evaluation Mode                                                   ; Enable             ; Enable             ;
; Verilog Version                                                                 ; Verilog_2001       ; Verilog_2001       ;
; VHDL Version                                                                    ; VHDL_1993          ; VHDL_1993          ;
; State Machine Processing                                                        ; Auto               ; Auto               ;
; Safe State Machine                                                              ; Off                ; Off                ;
; Extract Verilog State Machines                                                  ; On                 ; On                 ;
; Extract VHDL State Machines                                                     ; On                 ; On                 ;
; Ignore Verilog initial constructs                                               ; Off                ; Off                ;
; Iteration limit for constant Verilog loops                                      ; 5000               ; 5000               ;
; Iteration limit for non-constant Verilog loops                                  ; 250                ; 250                ;
; Add Pass-Through Logic to Inferred RAMs                                         ; On                 ; On                 ;
; Infer RAMs from Raw Logic                                                       ; On                 ; On                 ;
; Parallel Synthesis                                                              ; On                 ; On                 ;
; DSP Block Balancing                                                             ; Auto               ; Auto               ;
; NOT Gate Push-Back                                                              ; On                 ; On                 ;
; Power-Up Don't Care                                                             ; On                 ; On                 ;
; Remove Redundant Logic Cells                                                    ; Off                ; Off                ;
; Remove Duplicate Registers                                                      ; On                 ; On                 ;
; Ignore CARRY Buffers                                                            ; Off                ; Off                ;
; Ignore CASCADE Buffers                                                          ; Off                ; Off                ;
; Ignore GLOBAL Buffers                                                           ; Off                ; Off                ;
; Ignore ROW GLOBAL Buffers                                                       ; Off                ; Off                ;
; Ignore LCELL Buffers                                                            ; Off                ; Off                ;
; Ignore SOFT Buffers                                                             ; On                 ; On                 ;
; Limit AHDL Integers to 32 Bits                                                  ; Off                ; Off                ;
; Optimization Technique                                                          ; Balanced           ; Balanced           ;
; Carry Chain Length                                                              ; 70                 ; 70                 ;
; Auto Carry Chains                                                               ; On                 ; On                 ;
; Auto Open-Drain Pins                                                            ; On                 ; On                 ;
; Perform WYSIWYG Primitive Resynthesis                                           ; Off                ; Off                ;
; Auto ROM Replacement                                                            ; On                 ; On                 ;
; Auto RAM Replacement                                                            ; On                 ; On                 ;
; Auto DSP Block Replacement                                                      ; On                 ; On                 ;
; Auto Shift Register Replacement                                                 ; Auto               ; Auto               ;
; Allow Shift Register Merging across Hierarchies                                 ; Auto               ; Auto               ;
; Auto Clock Enable Replacement                                                   ; On                 ; On                 ;
; Strict RAM Replacement                                                          ; Off                ; Off                ;
; Allow Synchronous Control Signals                                               ; On                 ; On                 ;
; Force Use of Synchronous Clear Signals                                          ; Off                ; Off                ;
; Auto Resource Sharing                                                           ; Off                ; Off                ;
; Allow Any RAM Size For Recognition                                              ; Off                ; Off                ;
; Allow Any ROM Size For Recognition                                              ; Off                ; Off                ;
; Allow Any Shift Register Size For Recognition                                   ; Off                ; Off                ;
; Use LogicLock Constraints during Resource Balancing                             ; On                 ; On                 ;
; Ignore translate_off and synthesis_off directives                               ; Off                ; Off                ;
; Timing-Driven Synthesis                                                         ; On                 ; On                 ;
; Report Parameter Settings                                                       ; On                 ; On                 ;
; Report Source Assignments                                                       ; On                 ; On                 ;
; Report Connectivity Checks                                                      ; On                 ; On                 ;
; Ignore Maximum Fan-Out Assignments                                              ; Off                ; Off                ;
; Synchronization Register Chain Length                                           ; 3                  ; 3                  ;
; Power Optimization During Synthesis                                             ; Normal compilation ; Normal compilation ;
; HDL message level                                                               ; Level2             ; Level2             ;
; Suppress Register Optimization Related Messages                                 ; Off                ; Off                ;
; Number of Removed Registers Reported in Synthesis Report                        ; 5000               ; 5000               ;
; Number of Swept Nodes Reported in Synthesis Report                              ; 5000               ; 5000               ;
; Number of Inverted Registers Reported in Synthesis Report                       ; 100                ; 100                ;
; Clock MUX Protection                                                            ; On                 ; On                 ;
; Auto Gated Clock Conversion                                                     ; Off                ; Off                ;
; Block Design Naming                                                             ; Auto               ; Auto               ;
; SDC constraint protection                                                       ; Off                ; Off                ;
; Synthesis Effort                                                                ; Auto               ; Auto               ;
; Shift Register Replacement - Allow Asynchronous Clear Signal                    ; On                 ; On                 ;
; Pre-Mapping Resynthesis Optimization                                            ; Off                ; Off                ;
; Analysis & Synthesis Message Level                                              ; Medium             ; Medium             ;
; Disable Register Merging Across Hierarchies                                     ; Auto               ; Auto               ;
; Resource Aware Inference For Block RAM                                          ; On                 ; On                 ;
; Automatic Parallel Synthesis                                                    ; On                 ; On                 ;
; Partial Reconfiguration Bitstream ID                                            ; Off                ; Off                ;
+---------------------------------------------------------------------------------+--------------------+--------------------+


+------------------------------------------+
; Parallel Compilation                     ;
+----------------------------+-------------+
; Processors                 ; Number      ;
+----------------------------+-------------+
; Number detected on machine ; 16          ;
; Maximum allowed            ; 16          ;
;                            ;             ;
; Average used               ; 1.00        ;
; Maximum used               ; 16          ;
;                            ;             ;
; Usage by Processor         ; % Time Used ;
;     Processor 1            ; 100.0%      ;
;     Processors 2-16        ;   0.0%      ;
+----------------------------+-------------+


+--------------------------------------------------------------------------------------------------------------------------------------------+
; Analysis & Synthesis Source Files Read                                                                                                     ;
+----------------------------------+-----------------+------------------------+----------------------------------------------------+---------+
; File Name with User-Entered Path ; Used in Netlist ; File Type              ; File Name with Absolute Path                       ; Library ;
+----------------------------------+-----------------+------------------------+----------------------------------------------------+---------+
; main.v                           ; yes             ; User Verilog HDL File  ; C:/Users/Bob/Desktop/ECE241/Labs/Lab5/Part3/main.v ;         ;
+----------------------------------+-----------------+------------------------+----------------------------------------------------+---------+


+------------------------------------------------------------+
; Analysis & Synthesis Resource Usage Summary                ;
+---------------------------------------------+--------------+
; Resource                                    ; Usage        ;
+---------------------------------------------+--------------+
; Estimate of Logic utilization (ALMs needed) ; 29           ;
;                                             ;              ;
; Combinational ALUT usage for logic          ; 44           ;
;     -- 7 input functions                    ; 0            ;
;     -- 6 input functions                    ; 4            ;
;     -- 5 input functions                    ; 2            ;
;     -- 4 input functions                    ; 0            ;
;     -- <=3 input functions                  ; 38           ;
;                                             ;              ;
; Dedicated logic registers                   ; 49           ;
;                                             ;              ;
; I/O pins                                    ; 7            ;
;                                             ;              ;
; Total DSP Blocks                            ; 0            ;
;                                             ;              ;
; Maximum fan-out node                        ; KEY[0]~input ;
; Maximum fan-out                             ; 39           ;
; Total fan-out                               ; 307          ;
; Average fan-out                             ; 2.87         ;
+---------------------------------------------+--------------+


+--------------------------------------------------------------------------------------------------------------------------------------------------------------------------------------------------------------+
; Analysis & Synthesis Resource Utilization by Entity                                                                                                                                                          ;
+----------------------------+---------------------+---------------------------+-------------------+------------+------+--------------+------------------------------------------+--------------+--------------+
; Compilation Hierarchy Node ; Combinational ALUTs ; Dedicated Logic Registers ; Block Memory Bits ; DSP Blocks ; Pins ; Virtual Pins ; Full Hierarchy Name                      ; Entity Name  ; Library Name ;
+----------------------------+---------------------+---------------------------+-------------------+------------+------+--------------+------------------------------------------+--------------+--------------+
; |main                      ; 44 (0)              ; 49 (0)                    ; 0                 ; 0          ; 7    ; 0            ; |main                                    ; main         ; work         ;
;    |LSLeft:s0|             ; 34 (0)              ; 39 (0)                    ; 0                 ; 0          ; 0    ; 0            ; |main|LSLeft:s0                          ; LSLeft       ; work         ;
;       |clock2:c0|          ; 30 (30)             ; 25 (25)                   ; 0                 ; 0          ; 0    ; 0            ; |main|LSLeft:s0|clock2:c0                ; clock2       ; work         ;
;       |shift:s0|           ; 1 (0)               ; 1 (0)                     ; 0                 ; 0          ; 0    ; 0            ; |main|LSLeft:s0|shift:s0                 ; shift        ; work         ;
;          |bitregister:b1|  ; 0 (0)               ; 1 (1)                     ; 0                 ; 0          ; 0    ; 0            ; |main|LSLeft:s0|shift:s0|bitregister:b1  ; bitregister  ; work         ;
;          |mux2to1:m2|      ; 1 (1)               ; 0 (0)                     ; 0                 ; 0          ; 0    ; 0            ; |main|LSLeft:s0|shift:s0|mux2to1:m2      ; mux2to1      ; work         ;
;       |shift:s10|          ; 1 (0)               ; 1 (0)                     ; 0                 ; 0          ; 0    ; 0            ; |main|LSLeft:s0|shift:s10                ; shift        ; work         ;
;          |bitregister:b1|  ; 0 (0)               ; 1 (1)                     ; 0                 ; 0          ; 0    ; 0            ; |main|LSLeft:s0|shift:s10|bitregister:b1 ; bitregister  ; work         ;
;          |mux2to1:m2|      ; 1 (1)               ; 0 (0)                     ; 0                 ; 0          ; 0    ; 0            ; |main|LSLeft:s0|shift:s10|mux2to1:m2     ; mux2to1      ; work         ;
;       |shift:s11|          ; 0 (0)               ; 1 (0)                     ; 0                 ; 0          ; 0    ; 0            ; |main|LSLeft:s0|shift:s11                ; shift        ; work         ;
;          |bitregister:b1|  ; 0 (0)               ; 1 (1)                     ; 0                 ; 0          ; 0    ; 0            ; |main|LSLeft:s0|shift:s11|bitregister:b1 ; bitregister  ; work         ;
;       |shift:s12|          ; 1 (0)               ; 1 (0)                     ; 0                 ; 0          ; 0    ; 0            ; |main|LSLeft:s0|shift:s12                ; shift        ; work         ;
;          |bitregister:b1|  ; 0 (0)               ; 1 (1)                     ; 0                 ; 0          ; 0    ; 0            ; |main|LSLeft:s0|shift:s12|bitregister:b1 ; bitregister  ; work         ;
;          |mux2to1:m2|      ; 1 (1)               ; 0 (0)                     ; 0                 ; 0          ; 0    ; 0            ; |main|LSLeft:s0|shift:s12|mux2to1:m2     ; mux2to1      ; work         ;
;       |shift:s13|          ; 1 (0)               ; 1 (0)                     ; 0                 ; 0          ; 0    ; 0            ; |main|LSLeft:s0|shift:s13                ; shift        ; work         ;
;          |bitregister:b1|  ; 0 (0)               ; 1 (1)                     ; 0                 ; 0          ; 0    ; 0            ; |main|LSLeft:s0|shift:s13|bitregister:b1 ; bitregister  ; work         ;
;          |mux2to1:m2|      ; 1 (1)               ; 0 (0)                     ; 0                 ; 0          ; 0    ; 0            ; |main|LSLeft:s0|shift:s13|mux2to1:m2     ; mux2to1      ; work         ;
;       |shift:s1|           ; 0 (0)               ; 1 (0)                     ; 0                 ; 0          ; 0    ; 0            ; |main|LSLeft:s0|shift:s1                 ; shift        ; work         ;
;          |bitregister:b1|  ; 0 (0)               ; 1 (1)                     ; 0                 ; 0          ; 0    ; 0            ; |main|LSLeft:s0|shift:s1|bitregister:b1  ; bitregister  ; work         ;
;       |shift:s2|           ; 0 (0)               ; 1 (0)                     ; 0                 ; 0          ; 0    ; 0            ; |main|LSLeft:s0|shift:s2                 ; shift        ; work         ;
;          |bitregister:b1|  ; 0 (0)               ; 1 (1)                     ; 0                 ; 0          ; 0    ; 0            ; |main|LSLeft:s0|shift:s2|bitregister:b1  ; bitregister  ; work         ;
;       |shift:s3|           ; 0 (0)               ; 1 (0)                     ; 0                 ; 0          ; 0    ; 0            ; |main|LSLeft:s0|shift:s3                 ; shift        ; work         ;
;          |bitregister:b1|  ; 0 (0)               ; 1 (1)                     ; 0                 ; 0          ; 0    ; 0            ; |main|LSLeft:s0|shift:s3|bitregister:b1  ; bitregister  ; work         ;
;       |shift:s4|           ; 0 (0)               ; 1 (0)                     ; 0                 ; 0          ; 0    ; 0            ; |main|LSLeft:s0|shift:s4                 ; shift        ; work         ;
;          |bitregister:b1|  ; 0 (0)               ; 1 (1)                     ; 0                 ; 0          ; 0    ; 0            ; |main|LSLeft:s0|shift:s4|bitregister:b1  ; bitregister  ; work         ;
;       |shift:s5|           ; 0 (0)               ; 1 (0)                     ; 0                 ; 0          ; 0    ; 0            ; |main|LSLeft:s0|shift:s5                 ; shift        ; work         ;
;          |bitregister:b1|  ; 0 (0)               ; 1 (1)                     ; 0                 ; 0          ; 0    ; 0            ; |main|LSLeft:s0|shift:s5|bitregister:b1  ; bitregister  ; work         ;
;       |shift:s6|           ; 0 (0)               ; 1 (0)                     ; 0                 ; 0          ; 0    ; 0            ; |main|LSLeft:s0|shift:s6                 ; shift        ; work         ;
;          |bitregister:b1|  ; 0 (0)               ; 1 (1)                     ; 0                 ; 0          ; 0    ; 0            ; |main|LSLeft:s0|shift:s6|bitregister:b1  ; bitregister  ; work         ;
;       |shift:s7|           ; 0 (0)               ; 1 (0)                     ; 0                 ; 0          ; 0    ; 0            ; |main|LSLeft:s0|shift:s7                 ; shift        ; work         ;
;          |bitregister:b1|  ; 0 (0)               ; 1 (1)                     ; 0                 ; 0          ; 0    ; 0            ; |main|LSLeft:s0|shift:s7|bitregister:b1  ; bitregister  ; work         ;
;       |shift:s8|           ; 0 (0)               ; 1 (0)                     ; 0                 ; 0          ; 0    ; 0            ; |main|LSLeft:s0|shift:s8                 ; shift        ; work         ;
;          |bitregister:b1|  ; 0 (0)               ; 1 (1)                     ; 0                 ; 0          ; 0    ; 0            ; |main|LSLeft:s0|shift:s8|bitregister:b1  ; bitregister  ; work         ;
;       |shift:s9|           ; 0 (0)               ; 1 (0)                     ; 0                 ; 0          ; 0    ; 0            ; |main|LSLeft:s0|shift:s9                 ; shift        ; work         ;
;          |bitregister:b1|  ; 0 (0)               ; 1 (1)                     ; 0                 ; 0          ; 0    ; 0            ; |main|LSLeft:s0|shift:s9|bitregister:b1  ; bitregister  ; work         ;
;    |letterselect:ls|       ; 10 (10)             ; 10 (10)                   ; 0                 ; 0          ; 0    ; 0            ; |main|letterselect:ls                    ; letterselect ; work         ;
+----------------------------+---------------------+---------------------------+-------------------+------------+------+--------------+------------------------------------------+--------------+--------------+
Note: For table entries with two numbers listed, the numbers in parentheses indicate the number of resources of the given type used by the specific entity alone. The numbers listed outside of parentheses indicate the total resources of the given type used by the specific entity and all of its sub-entities in the hierarchy.


+--------------------------------------------------------------------------------+
; Registers Removed During Synthesis                                             ;
+---------------------------------------+----------------------------------------+
; Register name                         ; Reason for Removal                     ;
+---------------------------------------+----------------------------------------+
; letterselect:ls|code[10,12]           ; Stuck at VCC due to stuck port data_in ;
; letterselect:ls|code[13]              ; Stuck at GND due to stuck port data_in ;
; letterselect:ls|code[1]               ; Merged with letterselect:ls|code[0]    ;
; Total Number of Removed Registers = 4 ;                                        ;
+---------------------------------------+----------------------------------------+


+------------------------------------------------------+
; General Register Statistics                          ;
+----------------------------------------------+-------+
; Statistic                                    ; Value ;
+----------------------------------------------+-------+
; Total registers                              ; 49    ;
; Number of registers using Synchronous Clear  ; 24    ;
; Number of registers using Synchronous Load   ; 10    ;
; Number of registers using Asynchronous Clear ; 39    ;
; Number of registers using Asynchronous Load  ; 0     ;
; Number of registers using Clock Enable       ; 0     ;
; Number of registers using Preset             ; 0     ;
+----------------------------------------------+-------+


+-----------------------------------------------------------------------------------------------------------------------------------------------------------------------------------------------------------------+
; Port Connectivity Checks: "LSLeft:s0|shift:s0"                                                                                                                                                                  ;
+---------+-------+----------+------------------------------------------------------------------------------------------------------------------------------------------------------------------------------------+
; Port    ; Type  ; Severity ; Details                                                                                                                                                                            ;
+---------+-------+----------+------------------------------------------------------------------------------------------------------------------------------------------------------------------------------------+
; InR     ; Input ; Warning  ; Input port expression (32 bits) is wider than the input port (1 bits) it drives.  The 31 most-significant bit(s) in the expression will be dangling if they have no other fanouts. ;
; InR[-1] ; Input ; Info     ; Stuck at GND                                                                                                                                                                       ;
+---------+-------+----------+------------------------------------------------------------------------------------------------------------------------------------------------------------------------------------+


+--------------------------------------------------------------------------------------------------------------------+
; Port Connectivity Checks: "LSLeft:s0"                                                                              ;
+----------+--------+----------+-------------------------------------------------------------------------------------+
; Port     ; Type   ; Severity ; Details                                                                             ;
+----------+--------+----------+-------------------------------------------------------------------------------------+
; pass     ; Output ; Info     ; Connected to dangling logic. Logic that only feeds a dangling port will be removed. ;
; clockOut ; Output ; Info     ; Connected to dangling logic. Logic that only feeds a dangling port will be removed. ;
+----------+--------+----------+-------------------------------------------------------------------------------------+


+-----------------------------------------------------+
; Post-Synthesis Netlist Statistics for Top Partition ;
+-----------------------+-----------------------------+
; Type                  ; Count                       ;
+-----------------------+-----------------------------+
; arriav_ff             ; 49                          ;
;     CLR               ; 5                           ;
;     CLR SCLR          ; 24                          ;
;     CLR SLD           ; 10                          ;
;     plain             ; 10                          ;
; arriav_lcell_comb     ; 44                          ;
;     arith             ; 24                          ;
;         1 data inputs ; 24                          ;
;     normal            ; 20                          ;
;         2 data inputs ; 5                           ;
;         3 data inputs ; 9                           ;
;         5 data inputs ; 2                           ;
;         6 data inputs ; 4                           ;
; boundary_port         ; 7                           ;
;                       ;                             ;
; Max LUT depth         ; 3.30                        ;
; Average LUT depth     ; 1.80                        ;
+-----------------------+-----------------------------+


+-------------------------------+
; Elapsed Time Per Partition    ;
+----------------+--------------+
; Partition Name ; Elapsed Time ;
+----------------+--------------+
; Top            ; 00:00:00     ;
+----------------+--------------+


+-------------------------------+
; Analysis & Synthesis Messages ;
+-------------------------------+
Info: *******************************************************************
Info: Running Quartus Prime Analysis & Synthesis
    Info: Version 18.0.0 Build 614 04/24/2018 SJ Lite Edition
    Info: Processing started: Wed Oct 24 02:58:08 2018
Info: Command: quartus_map --read_settings_files=on --write_settings_files=off Part3 -c main
Warning (18236): Number of processors has not been specified which may cause overloading on shared machines.  Set the global assignment NUM_PARALLEL_PROCESSORS in your QSF to an appropriate value for best performance.
Info (20030): Parallel compilation is enabled and will use 16 of the 16 processors detected
Info (12021): Found 7 design units, including 7 entities, in source file main.v
    Info (12023): Found entity 1: main File: C:/Users/Bob/Desktop/ECE241/Labs/Lab5/Part3/main.v Line: 1
    Info (12023): Found entity 2: letterselect File: C:/Users/Bob/Desktop/ECE241/Labs/Lab5/Part3/main.v Line: 20
    Info (12023): Found entity 3: clock2 File: C:/Users/Bob/Desktop/ECE241/Labs/Lab5/Part3/main.v Line: 43
    Info (12023): Found entity 4: LSLeft File: C:/Users/Bob/Desktop/ECE241/Labs/Lab5/Part3/main.v Line: 68
    Info (12023): Found entity 5: shift File: C:/Users/Bob/Desktop/ECE241/Labs/Lab5/Part3/main.v Line: 103
    Info (12023): Found entity 6: mux2to1 File: C:/Users/Bob/Desktop/ECE241/Labs/Lab5/Part3/main.v Line: 118
    Info (12023): Found entity 7: bitregister File: C:/Users/Bob/Desktop/ECE241/Labs/Lab5/Part3/main.v Line: 129
Info (12127): Elaborating entity "main" for the top level hierarchy
Info (12128): Elaborating entity "letterselect" for hierarchy "letterselect:ls" File: C:/Users/Bob/Desktop/ECE241/Labs/Lab5/Part3/main.v Line: 11
Info (12128): Elaborating entity "LSLeft" for hierarchy "LSLeft:s0" File: C:/Users/Bob/Desktop/ECE241/Labs/Lab5/Part3/main.v Line: 14
Warning (10034): Output port "pass[13]" at main.v(76) has no driver File: C:/Users/Bob/Desktop/ECE241/Labs/Lab5/Part3/main.v Line: 76
Info (12128): Elaborating entity "clock2" for hierarchy "LSLeft:s0|clock2:c0" File: C:/Users/Bob/Desktop/ECE241/Labs/Lab5/Part3/main.v Line: 78
Warning (10230): Verilog HDL assignment warning at main.v(59): truncated value with size 32 to match size of target (1) File: C:/Users/Bob/Desktop/ECE241/Labs/Lab5/Part3/main.v Line: 59
Warning (10230): Verilog HDL assignment warning at main.v(62): truncated value with size 32 to match size of target (24) File: C:/Users/Bob/Desktop/ECE241/Labs/Lab5/Part3/main.v Line: 62
Info (12128): Elaborating entity "shift" for hierarchy "LSLeft:s0|shift:s0" File: C:/Users/Bob/Desktop/ECE241/Labs/Lab5/Part3/main.v Line: 81
Info (12128): Elaborating entity "mux2to1" for hierarchy "LSLeft:s0|shift:s0|mux2to1:m2" File: C:/Users/Bob/Desktop/ECE241/Labs/Lab5/Part3/main.v Line: 112
Info (12128): Elaborating entity "bitregister" for hierarchy "LSLeft:s0|shift:s0|bitregister:b1" File: C:/Users/Bob/Desktop/ECE241/Labs/Lab5/Part3/main.v Line: 113
Warning (12241): 1 hierarchies have connectivity warnings - see the Connectivity Checks report folder
Info (286030): Timing-Driven Synthesis is running
Info (16010): Generating hard_block partition "hard_block:auto_generated_inst"
    Info (16011): Adding 0 node(s), including 0 DDIO, 0 PLL, 0 transceiver and 0 LCELL
Info (21057): Implemented 61 device resources after synthesis - the final resource count might be different
    Info (21058): Implemented 6 input pins
    Info (21059): Implemented 1 output pins
    Info (21061): Implemented 54 logic cells
Info: Quartus Prime Analysis & Synthesis was successful. 0 errors, 5 warnings
    Info: Peak virtual memory: 4924 megabytes
    Info: Processing ended: Wed Oct 24 02:58:18 2018
    Info: Elapsed time: 00:00:10
    Info: Total CPU time (on all processors): 00:00:22


